[debug] [2024-02-21T21:20:10.454Z] ----------------------------------------------------------------------
[debug] [2024-02-21T21:20:10.455Z] Command:       C:\Program Files\nodejs\node.exe C:\Users\Luke\AppData\Roaming\npm\node_modules\firebase-tools\lib\bin\firebase.js init
[debug] [2024-02-21T21:20:10.456Z] CLI Version:   13.2.1
[debug] [2024-02-21T21:20:10.456Z] Platform:      win32
[debug] [2024-02-21T21:20:10.456Z] Node Version:  v20.11.0
[debug] [2024-02-21T21:20:10.456Z] Time:          Wed Feb 21 2024 14:20:10 GMT-0700 (Mountain Standard Time)
[debug] [2024-02-21T21:20:10.456Z] ----------------------------------------------------------------------
[debug] 
[debug] [2024-02-21T21:20:10.507Z] > command requires scopes: ["email","openid","https://www.googleapis.com/auth/cloudplatformprojects.readonly","https://www.googleapis.com/auth/firebase","https://www.googleapis.com/auth/cloud-platform"]
[debug] [2024-02-21T21:20:10.508Z] > authorizing via signed-in user (luke.leimbach@gmail.com)
[info] 
     ######## #### ########  ######## ########     ###     ######  ########
     ##        ##  ##     ## ##       ##     ##  ##   ##  ##       ##
     ######    ##  ########  ######   ########  #########  ######  ######
     ##        ##  ##    ##  ##       ##     ## ##     ##       ## ##
     ##       #### ##     ## ######## ########  ##     ##  ######  ########

You're about to initialize a Firebase project in this directory:

  C:\Users\Luke\Desktop\music-discord-bot

Before we get started, keep in mind:

  * You are initializing within an existing Firebase project directory

